<?xml version="1.0" encoding="UTF-8"?>
<testng-results ignored="0" total="2" passed="2" failed="0" skipped="0">
  <reporter-output>
  </reporter-output>
  <suite started-at="2025-07-24T17:01:38 IST" name="Default suite" finished-at="2025-07-24T17:02:33 IST" duration-ms="54301">
    <groups>
      <group name="cucumber">
        <method signature="AbstractTestNGCucumberTests.runScenario(io.cucumber.testng.PickleWrapper,io.cucumber.testng.FeatureWrapper)[pri:0, instance:TestRunnerClass.FbTest@2e385cce]" name="runScenario" class="io.cucumber.testng.AbstractTestNGCucumberTests"/>
      </group> <!-- cucumber -->
    </groups>
    <test started-at="2025-07-24T17:01:38 IST" name="Default test" finished-at="2025-07-24T17:02:33 IST" duration-ms="54301">
      <class name="TestRunnerClass.FbTest">
        <test-method is-config="true" signature="setUpClass(org.testng.ITestContext)[pri:0, instance:TestRunnerClass.FbTest@2e385cce]" started-at="2025-07-24T17:01:39 IST" name="setUpClass" finished-at="2025-07-24T17:01:41 IST" duration-ms="2790" status="PASS">
          <params>
            <param index="0">
              <value>
                <![CDATA[org.testng.TestRunner@6fde6f05]]>
              </value>
            </param>
          </params>
          <reporter-output>
          </reporter-output>
        </test-method> <!-- setUpClass -->
        <test-method signature="runScenario(io.cucumber.testng.PickleWrapper,io.cucumber.testng.FeatureWrapper)[pri:0, instance:TestRunnerClass.FbTest@2e385cce]" started-at="2025-07-24T17:01:41 IST" name="runScenario" description="Runs Cucumber Scenarios" data-provider="scenarios" finished-at="2025-07-24T17:02:01 IST" duration-ms="19982" status="PASS">
          <params>
            <param index="0">
              <value>
                <![CDATA["Validate registration functionality"]]>
              </value>
            </param>
            <param index="1">
              <value>
                <![CDATA["Facebook Registration Functionality"]]>
              </value>
            </param>
          </params>
          <reporter-output>
          </reporter-output>
        </test-method> <!-- runScenario -->
        <test-method signature="runScenario(io.cucumber.testng.PickleWrapper,io.cucumber.testng.FeatureWrapper)[pri:0, instance:TestRunnerClass.FbTest@2e385cce]" started-at="2025-07-24T17:02:01 IST" name="runScenario" description="Runs Cucumber Scenarios" data-provider="scenarios" finished-at="2025-07-24T17:02:16 IST" duration-ms="15014" status="PASS">
          <params>
            <param index="0">
              <value>
                <![CDATA["Validate registration functionality"]]>
              </value>
            </param>
            <param index="1">
              <value>
                <![CDATA["Facebook Registration Functionality"]]>
              </value>
            </param>
          </params>
          <reporter-output>
          </reporter-output>
        </test-method> <!-- runScenario -->
        <test-method is-config="true" signature="tearDownClass()[pri:0, instance:TestRunnerClass.FbTest@2e385cce]" started-at="2025-07-24T17:02:16 IST" name="tearDownClass" finished-at="2025-07-24T17:02:33 IST" duration-ms="16286" status="PASS">
          <reporter-output>
          </reporter-output>
        </test-method> <!-- tearDownClass -->
      </class> <!-- TestRunnerClass.FbTest -->
    </test> <!-- Default test -->
  </suite> <!-- Default suite -->
</testng-results>
