<?xml version="1.0" encoding="UTF-8"?>
<!-- Generated by org.testng.reporters.JUnitReportReporter -->
<testsuite hostname="God-Mode" failures="0" tests="2" name="TestRunnerClass.FbTest" time="34.996" errors="0" timestamp="2025-07-24T17:02:33 IST" skipped="0">
  <testcase classname="TestRunnerClass.FbTest" name="runScenario" time="15.014"/>
  <system-out/>
  <testcase classname="TestRunnerClass.FbTest" name="runScenario" time="19.982"/>
  <system-out/>
</testsuite> <!-- TestRunnerClass.FbTest -->
